<?xml version="1.0" encoding="UTF-8"?>
<testsuite xmlns:xsi="http://www.w3.org/2001/XMLSchema-instance" xsi:noNamespaceSchemaLocation="https://maven.apache.org/surefire/maven-surefire-plugin/xsd/surefire-test-report-3.0.xsd" version="3.0" name="com.luv2code.springmvc.StudentAndGradeServiceTest" time="1.232" tests="4" errors="0" skipped="0" failures="0">
  <properties>
[...]
</properties>
  <testcase name="isStudentNullCheck" classname="com.luv2code.springmvc.StudentAndGradeServiceTest" time="0.03">
    <system-out><![CDATA[2023-03-19 15:15:58.175  INFO 9768 --- [           main] .b.t.c.SpringBootTestContextBootstrapper : Neither @ContextConfiguration nor @ContextHierarchy found for test class [com.luv2code.springmvc.StudentAndGradeServiceTest], using SpringBootContextLoader
2023-03-19 15:15:58.176  INFO 9768 --- [           main] o.s.t.c.support.AbstractContextLoader    : Could not detect default resource locations for test class [com.luv2code.springmvc.StudentAndGradeServiceTest]: no resource found for suffixes {-context.xml, Context.groovy}.
2023-03-19 15:15:58.177  INFO 9768 --- [           main] t.c.s.AnnotationConfigContextLoaderUtils : Could not detect default configuration classes for test class [com.luv2code.springmvc.StudentAndGradeServiceTest]: StudentAndGradeServiceTest does not declare any static, non-private, non-final, nested classes annotated with @Configuration.
2023-03-19 15:15:58.179  INFO 9768 --- [           main] .b.t.c.SpringBootTestContextBootstrapper : Found @SpringBootConfiguration com.luv2code.springmvc.MvcTestingExampleApplication for test class com.luv2code.springmvc.StudentAndGradeServiceTest
2023-03-19 15:15:58.182  INFO 9768 --- [           main] .b.t.c.SpringBootTestContextBootstrapper : Loaded default TestExecutionListener class names from location [META-INF/spring.factories]: [org.springframework.boot.test.mock.mockito.MockitoTestExecutionListener, org.springframework.boot.test.mock.mockito.ResetMocksTestExecutionListener, org.springframework.boot.test.autoconfigure.restdocs.RestDocsTestExecutionListener, org.springframework.boot.test.autoconfigure.web.client.MockRestServiceServerResetTestExecutionListener, org.springframework.boot.test.autoconfigure.web.servlet.MockMvcPrintOnlyOnFailureTestExecutionListener, org.springframework.boot.test.autoconfigure.web.servlet.WebDriverTestExecutionListener, org.springframework.boot.test.autoconfigure.webservices.client.MockWebServiceServerTestExecutionListener, org.springframework.test.context.web.ServletTestExecutionListener, org.springframework.test.context.support.DirtiesContextBeforeModesTestExecutionListener, org.springframework.test.context.event.ApplicationEventsTestExecutionListener, org.springframework.test.context.support.DependencyInjectionTestExecutionListener, org.springframework.test.context.support.DirtiesContextTestExecutionListener, org.springframework.test.context.transaction.TransactionalTestExecutionListener, org.springframework.test.context.jdbc.SqlScriptsTestExecutionListener, org.springframework.test.context.event.EventPublishingTestExecutionListener]
2023-03-19 15:15:58.183  INFO 9768 --- [           main] .b.t.c.SpringBootTestContextBootstrapper : Using TestExecutionListeners: [org.springframework.test.context.web.ServletTestExecutionListener@6079d219, org.springframework.test.context.support.DirtiesContextBeforeModesTestExecutionListener@4ed90b04, org.springframework.test.context.event.ApplicationEventsTestExecutionListener@686ace1f, org.springframework.boot.test.mock.mockito.MockitoTestExecutionListener@7dd92a36, org.springframework.boot.test.autoconfigure.SpringBootDependencyInjectionTestExecutionListener@531ed68e, org.springframework.test.context.support.DirtiesContextTestExecutionListener@551976c2, org.springframework.test.context.transaction.TransactionalTestExecutionListener@6bbd4048, org.springframework.test.context.jdbc.SqlScriptsTestExecutionListener@5f815f93, org.springframework.test.context.event.EventPublishingTestExecutionListener@7a8e484b, org.springframework.boot.test.mock.mockito.ResetMocksTestExecutionListener@643f8ebe, org.springframework.boot.test.autoconfigure.restdocs.RestDocsTestExecutionListener@65013d71, org.springframework.boot.test.autoconfigure.web.client.MockRestServiceServerResetTestExecutionListener@30a99b85, org.springframework.boot.test.autoconfigure.web.servlet.MockMvcPrintOnlyOnFailureTestExecutionListener@386d41cb, org.springframework.boot.test.autoconfigure.web.servlet.WebDriverTestExecutionListener@20bf7206, org.springframework.boot.test.autoconfigure.webservices.client.MockWebServiceServerTestExecutionListener@4cb939d5]

  .   ____          _            __ _ _
 /\\ / ___'_ __ _ _(_)_ __  __ _ \ \ \ \
( ( )\___ | '_ | '_| | '_ \/ _` | \ \ \ \
 \\/  ___)| |_)| | | | | || (_| |  ) ) ) )
  '  |____| .__|_| |_|_| |_\__, | / / / /
 =========|_|==============|___/=/_/_/_/
 :: Spring Boot ::                (v2.6.2)

2023-03-19 15:15:58.223  INFO 9768 --- [           main] c.l.s.StudentAndGradeServiceTest         : Starting StudentAndGradeServiceTest using Java 12.0.2 on LAPTOP-RJREPQDE with PID 9768 (started by J2Gsoft in D:\Udemy\Junit\3.00-starting-project)
2023-03-19 15:15:58.223  INFO 9768 --- [           main] c.l.s.StudentAndGradeServiceTest         : No active profile set, falling back to default profiles: default
2023-03-19 15:15:58.449  INFO 9768 --- [           main] .s.d.r.c.RepositoryConfigurationDelegate : Bootstrapping Spring Data JPA repositories in DEFAULT mode.
2023-03-19 15:15:58.461  INFO 9768 --- [           main] .s.d.r.c.RepositoryConfigurationDelegate : Finished Spring Data repository scanning in 11 ms. Found 1 JPA repository interfaces.
2023-03-19 15:15:58.613  INFO 9768 --- [           main] o.hibernate.jpa.internal.util.LogHelper  : HHH000204: Processing PersistenceUnitInfo [name: default]
2023-03-19 15:15:58.619  INFO 9768 --- [           main] com.zaxxer.hikari.HikariDataSource       : HikariPool-2 - Starting...
2023-03-19 15:15:58.620  INFO 9768 --- [           main] com.zaxxer.hikari.HikariDataSource       : HikariPool-2 - Start completed.
2023-03-19 15:15:58.630  INFO 9768 --- [           main] org.hibernate.dialect.Dialect            : HHH000400: Using dialect: org.hibernate.dialect.H2Dialect
Hibernate: drop table if exists history_grade CASCADE 
Hibernate: drop table if exists math_grade CASCADE 
Hibernate: drop table if exists science_grade CASCADE 
Hibernate: drop table if exists student CASCADE 
Hibernate: create table history_grade (id integer generated by default as identity, grade double, student_id integer, primary key (id))
Hibernate: create table math_grade (id integer generated by default as identity, grade double, student_id integer, primary key (id))
Hibernate: create table science_grade (id integer generated by default as identity, grade double, student_id integer, primary key (id))
Hibernate: create table student (id integer generated by default as identity, email_address varchar(255), firstname varchar(255), lastname varchar(255), primary key (id))
2023-03-19 15:15:58.704  INFO 9768 --- [           main] o.h.e.t.j.p.i.JtaPlatformInitiator       : HHH000490: Using JtaPlatform implementation: [org.hibernate.engine.transaction.jta.platform.internal.NoJtaPlatform]
2023-03-19 15:15:58.704  INFO 9768 --- [           main] j.LocalContainerEntityManagerFactoryBean : Initialized JPA EntityManagerFactory for persistence unit 'default'
2023-03-19 15:15:58.871  WARN 9768 --- [           main] JpaBaseConfiguration$JpaWebConfiguration : spring.jpa.open-in-view is enabled by default. Therefore, database queries may be performed during view rendering. Explicitly configure spring.jpa.open-in-view to disable this warning
2023-03-19 15:15:59.002  INFO 9768 --- [           main] o.s.b.a.h2.H2ConsoleAutoConfiguration    : H2 console available at '/h2-console'. Database available at 'jdbc:h2:mem:testdb'
2023-03-19 15:15:59.037  INFO 9768 --- [           main] o.s.b.a.w.s.WelcomePageHandlerMapping    : Adding welcome page template: index
2023-03-19 15:15:59.271  INFO 9768 --- [           main] c.l.s.StudentAndGradeServiceTest         : Started StudentAndGradeServiceTest in 1.083 seconds (JVM running for 9.268)
Hibernate: select collegestu0_.id as id1_3_0_, collegestu0_.email_address as email_ad2_3_0_, collegestu0_.firstname as firstnam3_3_0_, collegestu0_.lastname as lastname4_3_0_ from student collegestu0_ where collegestu0_.id=?
Hibernate: select collegestu0_.id as id1_3_0_, collegestu0_.email_address as email_ad2_3_0_, collegestu0_.firstname as firstnam3_3_0_, collegestu0_.lastname as lastname4_3_0_ from student collegestu0_ where collegestu0_.id=?
]]></system-out>
  </testcase>
  <testcase name="createStudentService" classname="com.luv2code.springmvc.StudentAndGradeServiceTest" time="0.02">
    <system-out><![CDATA[Hibernate: insert into student (id, email_address, firstname, lastname) values (null, ?, ?, ?)
Hibernate: select collegestu0_.id as id1_3_, collegestu0_.email_address as email_ad2_3_, collegestu0_.firstname as firstnam3_3_, collegestu0_.lastname as lastname4_3_ from student collegestu0_ where collegestu0_.email_address=?
]]></system-out>
  </testcase>
  <testcase name="deleteStudentService" classname="com.luv2code.springmvc.StudentAndGradeServiceTest" time="0.031">
    <system-out><![CDATA[Hibernate: select collegestu0_.id as id1_3_0_, collegestu0_.email_address as email_ad2_3_0_, collegestu0_.firstname as firstnam3_3_0_, collegestu0_.lastname as lastname4_3_0_ from student collegestu0_ where collegestu0_.id=?
Hibernate: select collegestu0_.id as id1_3_0_, collegestu0_.email_address as email_ad2_3_0_, collegestu0_.firstname as firstnam3_3_0_, collegestu0_.lastname as lastname4_3_0_ from student collegestu0_ where collegestu0_.id=?
Hibernate: delete from student where id=?
Hibernate: select collegestu0_.id as id1_3_0_, collegestu0_.email_address as email_ad2_3_0_, collegestu0_.firstname as firstnam3_3_0_, collegestu0_.lastname as lastname4_3_0_ from student collegestu0_ where collegestu0_.id=?
]]></system-out>
  </testcase>
  <testcase name="getGradeBookService" classname="com.luv2code.springmvc.StudentAndGradeServiceTest" time="0.044">
    <system-out><![CDATA[Hibernate: select collegestu0_.id as id1_3_, collegestu0_.email_address as email_ad2_3_, collegestu0_.firstname as firstnam3_3_, collegestu0_.lastname as lastname4_3_ from student collegestu0_
]]></system-out>
  </testcase>
</testsuite>