<?xml version="1.0" encoding="UTF-8"?>
<testsuite xmlns:xsi="http://www.w3.org/2001/XMLSchema-instance" xsi:noNamespaceSchemaLocation="https://maven.apache.org/surefire/maven-surefire-plugin/xsd/surefire-test-report-3.0.xsd" version="3.0" name="com.luv2code.springmvc.GradeBookControllerTest" time="7.349" tests="2" errors="0" skipped="0" failures="0">
  <properties>
[...]
</properties>
  <testcase name="getStudentsHttpRequest" classname="com.luv2code.springmvc.GradeBookControllerTest" time="0.892">
    <system-out><![CDATA[15:15:50.932 [main] DEBUG org.springframework.test.context.BootstrapUtils - Instantiating CacheAwareContextLoaderDelegate from class [org.springframework.test.context.cache.DefaultCacheAwareContextLoaderDelegate]
15:15:50.945 [main] DEBUG org.springframework.test.context.BootstrapUtils - Instantiating BootstrapContext using constructor [public org.springframework.test.context.support.DefaultBootstrapContext(java.lang.Class,org.springframework.test.context.CacheAwareContextLoaderDelegate)]
15:15:50.995 [main] DEBUG org.springframework.test.context.BootstrapUtils - Instantiating TestContextBootstrapper for test class [com.luv2code.springmvc.GradeBookControllerTest] from class [org.springframework.boot.test.context.SpringBootTestContextBootstrapper]
15:15:51.008 [main] INFO org.springframework.boot.test.context.SpringBootTestContextBootstrapper - Neither @ContextConfiguration nor @ContextHierarchy found for test class [com.luv2code.springmvc.GradeBookControllerTest], using SpringBootContextLoader
15:15:51.013 [main] DEBUG org.springframework.test.context.support.AbstractContextLoader - Did not detect default resource location for test class [com.luv2code.springmvc.GradeBookControllerTest]: class path resource [com/luv2code/springmvc/GradeBookControllerTest-context.xml] does not exist
15:15:51.014 [main] DEBUG org.springframework.test.context.support.AbstractContextLoader - Did not detect default resource location for test class [com.luv2code.springmvc.GradeBookControllerTest]: class path resource [com/luv2code/springmvc/GradeBookControllerTestContext.groovy] does not exist
15:15:51.014 [main] INFO org.springframework.test.context.support.AbstractContextLoader - Could not detect default resource locations for test class [com.luv2code.springmvc.GradeBookControllerTest]: no resource found for suffixes {-context.xml, Context.groovy}.
15:15:51.014 [main] INFO org.springframework.test.context.support.AnnotationConfigContextLoaderUtils - Could not detect default configuration classes for test class [com.luv2code.springmvc.GradeBookControllerTest]: GradeBookControllerTest does not declare any static, non-private, non-final, nested classes annotated with @Configuration.
15:15:51.081 [main] DEBUG org.springframework.test.context.support.ActiveProfilesUtils - Could not find an 'annotation declaring class' for annotation type [org.springframework.test.context.ActiveProfiles] and class [com.luv2code.springmvc.GradeBookControllerTest]
15:15:51.157 [main] DEBUG org.springframework.context.annotation.ClassPathScanningCandidateComponentProvider - Identified candidate component class: file [D:\Udemy\Junit\3.00-starting-project\target\classes\com\luv2code\springmvc\MvcTestingExampleApplication.class]
15:15:51.161 [main] INFO org.springframework.boot.test.context.SpringBootTestContextBootstrapper - Found @SpringBootConfiguration com.luv2code.springmvc.MvcTestingExampleApplication for test class com.luv2code.springmvc.GradeBookControllerTest
15:15:51.285 [main] DEBUG org.springframework.boot.test.context.SpringBootTestContextBootstrapper - @TestExecutionListeners is not present for class [com.luv2code.springmvc.GradeBookControllerTest]: using defaults.
15:15:51.286 [main] INFO org.springframework.boot.test.context.SpringBootTestContextBootstrapper - Loaded default TestExecutionListener class names from location [META-INF/spring.factories]: [org.springframework.boot.test.mock.mockito.MockitoTestExecutionListener, org.springframework.boot.test.mock.mockito.ResetMocksTestExecutionListener, org.springframework.boot.test.autoconfigure.restdocs.RestDocsTestExecutionListener, org.springframework.boot.test.autoconfigure.web.client.MockRestServiceServerResetTestExecutionListener, org.springframework.boot.test.autoconfigure.web.servlet.MockMvcPrintOnlyOnFailureTestExecutionListener, org.springframework.boot.test.autoconfigure.web.servlet.WebDriverTestExecutionListener, org.springframework.boot.test.autoconfigure.webservices.client.MockWebServiceServerTestExecutionListener, org.springframework.test.context.web.ServletTestExecutionListener, org.springframework.test.context.support.DirtiesContextBeforeModesTestExecutionListener, org.springframework.test.context.event.ApplicationEventsTestExecutionListener, org.springframework.test.context.support.DependencyInjectionTestExecutionListener, org.springframework.test.context.support.DirtiesContextTestExecutionListener, org.springframework.test.context.transaction.TransactionalTestExecutionListener, org.springframework.test.context.jdbc.SqlScriptsTestExecutionListener, org.springframework.test.context.event.EventPublishingTestExecutionListener]
15:15:51.312 [main] INFO org.springframework.boot.test.context.SpringBootTestContextBootstrapper - Using TestExecutionListeners: [org.springframework.test.context.web.ServletTestExecutionListener@623e088f, org.springframework.test.context.support.DirtiesContextBeforeModesTestExecutionListener@39fcbef6, org.springframework.test.context.event.ApplicationEventsTestExecutionListener@66565121, org.springframework.boot.test.mock.mockito.MockitoTestExecutionListener@2fc6f97f, org.springframework.boot.test.autoconfigure.SpringBootDependencyInjectionTestExecutionListener@3d2ee678, org.springframework.test.context.support.DirtiesContextTestExecutionListener@6179e425, org.springframework.test.context.transaction.TransactionalTestExecutionListener@35f26e72, org.springframework.test.context.jdbc.SqlScriptsTestExecutionListener@2d6764b2, org.springframework.test.context.event.EventPublishingTestExecutionListener@67304a40, org.springframework.boot.test.mock.mockito.ResetMocksTestExecutionListener@49c6c24f, org.springframework.boot.test.autoconfigure.restdocs.RestDocsTestExecutionListener@6fe1b4fb, org.springframework.boot.test.autoconfigure.web.client.MockRestServiceServerResetTestExecutionListener@79351f41, org.springframework.boot.test.autoconfigure.web.servlet.MockMvcPrintOnlyOnFailureTestExecutionListener@1c32386d, org.springframework.boot.test.autoconfigure.web.servlet.WebDriverTestExecutionListener@6399551e, org.springframework.boot.test.autoconfigure.webservices.client.MockWebServiceServerTestExecutionListener@13d73fa]
15:15:51.317 [main] DEBUG org.springframework.test.context.support.AbstractDirtiesContextTestExecutionListener - Before test class: context [DefaultTestContext@906d29b testClass = GradeBookControllerTest, testInstance = [null], testMethod = [null], testException = [null], mergedContextConfiguration = [WebMergedContextConfiguration@49d3c823 testClass = GradeBookControllerTest, locations = '{}', classes = '{class com.luv2code.springmvc.MvcTestingExampleApplication}', contextInitializerClasses = '[]', activeProfiles = '{}', propertySourceLocations = '{classpath:/application.properties}', propertySourceProperties = '{org.springframework.boot.test.context.SpringBootTestContextBootstrapper=true}', contextCustomizers = set[[ImportsContextCustomizer@436bc36 key = [org.springframework.boot.test.autoconfigure.web.servlet.MockMvcAutoConfiguration, org.springframework.boot.test.autoconfigure.web.servlet.MockMvcWebClientAutoConfiguration, org.springframework.boot.test.autoconfigure.web.servlet.MockMvcWebDriverAutoConfiguration, org.springframework.boot.autoconfigure.security.oauth2.client.servlet.OAuth2ClientAutoConfiguration, org.springframework.boot.autoconfigure.security.oauth2.resource.servlet.OAuth2ResourceServerAutoConfiguration, org.springframework.boot.autoconfigure.security.servlet.SecurityAutoConfiguration, org.springframework.boot.autoconfigure.security.servlet.SecurityFilterAutoConfiguration, org.springframework.boot.autoconfigure.security.servlet.UserDetailsServiceAutoConfiguration, org.springframework.boot.test.autoconfigure.web.servlet.MockMvcSecurityConfiguration, org.springframework.boot.test.autoconfigure.web.reactive.WebTestClientAutoConfiguration]], org.springframework.boot.test.context.filter.ExcludeFilterContextCustomizer@15888343, org.springframework.boot.test.json.DuplicateJsonObjectContextCustomizerFactory$DuplicateJsonObjectContextCustomizer@6e2829c7, org.springframework.boot.test.mock.mockito.MockitoContextCustomizer@0, org.springframework.boot.test.web.client.TestRestTemplateContextCustomizer@3932c79a, org.springframework.boot.test.autoconfigure.actuate.metrics.MetricsExportContextCustomizerFactory$DisableMetricExportContextCustomizer@6f15d60e, org.springframework.boot.test.autoconfigure.properties.PropertyMappingContextCustomizer@4b3fa0b3, org.springframework.boot.test.autoconfigure.web.servlet.WebDriverContextCustomizerFactory$Customizer@7bbc8656, org.springframework.boot.test.context.SpringBootTestArgs@1, org.springframework.boot.test.context.SpringBootTestWebEnvironment@4e41089d], resourceBasePath = 'src/main/webapp', contextLoader = 'org.springframework.boot.test.context.SpringBootContextLoader', parent = [null]], attributes = map['org.springframework.test.context.web.ServletTestExecutionListener.activateListener' -> true]], class annotated with @DirtiesContext [false] with mode [null].
15:15:51.403 [main] DEBUG org.springframework.boot.ApplicationServletEnvironment - Activating profiles []
15:15:51.407 [main] DEBUG org.springframework.test.context.support.TestPropertySourceUtils - Adding inlined properties to environment: {spring.jmx.enabled=false, org.springframework.boot.test.context.SpringBootTestContextBootstrapper=true}

  .   ____          _            __ _ _
 /\\ / ___'_ __ _ _(_)_ __  __ _ \ \ \ \
( ( )\___ | '_ | '_| | '_ \/ _` | \ \ \ \
 \\/  ___)| |_)| | | | | || (_| |  ) ) ) )
  '  |____| .__|_| |_|_| |_\__, | / / / /
 =========|_|==============|___/=/_/_/_/
 :: Spring Boot ::                (v2.6.2)

2023-03-19 15:15:51.778  INFO 9768 --- [           main] c.l.springmvc.GradeBookControllerTest    : Starting GradeBookControllerTest using Java 12.0.2 on LAPTOP-RJREPQDE with PID 9768 (started by J2Gsoft in D:\Udemy\Junit\3.00-starting-project)
2023-03-19 15:15:51.779  INFO 9768 --- [           main] c.l.springmvc.GradeBookControllerTest    : No active profile set, falling back to default profiles: default
2023-03-19 15:15:52.646  INFO 9768 --- [           main] .s.d.r.c.RepositoryConfigurationDelegate : Bootstrapping Spring Data JPA repositories in DEFAULT mode.
2023-03-19 15:15:52.707  INFO 9768 --- [           main] .s.d.r.c.RepositoryConfigurationDelegate : Finished Spring Data repository scanning in 51 ms. Found 1 JPA repository interfaces.
2023-03-19 15:15:53.418  INFO 9768 --- [           main] o.hibernate.jpa.internal.util.LogHelper  : HHH000204: Processing PersistenceUnitInfo [name: default]
2023-03-19 15:15:53.496  INFO 9768 --- [           main] org.hibernate.Version                    : HHH000412: Hibernate ORM core version 5.6.3.Final
2023-03-19 15:15:53.684  INFO 9768 --- [           main] o.hibernate.annotations.common.Version   : HCANN000001: Hibernate Commons Annotations {5.1.2.Final}
2023-03-19 15:15:54.029  INFO 9768 --- [           main] com.zaxxer.hikari.HikariDataSource       : HikariPool-1 - Starting...
2023-03-19 15:15:54.259  INFO 9768 --- [           main] com.zaxxer.hikari.HikariDataSource       : HikariPool-1 - Start completed.
2023-03-19 15:15:54.281  INFO 9768 --- [           main] org.hibernate.dialect.Dialect            : HHH000400: Using dialect: org.hibernate.dialect.H2Dialect
Hibernate: drop table if exists history_grade CASCADE 
Hibernate: drop table if exists math_grade CASCADE 
Hibernate: drop table if exists science_grade CASCADE 
Hibernate: drop table if exists student CASCADE 
Hibernate: create table history_grade (id integer generated by default as identity, grade double, student_id integer, primary key (id))
Hibernate: create table math_grade (id integer generated by default as identity, grade double, student_id integer, primary key (id))
Hibernate: create table science_grade (id integer generated by default as identity, grade double, student_id integer, primary key (id))
Hibernate: create table student (id integer generated by default as identity, email_address varchar(255), firstname varchar(255), lastname varchar(255), primary key (id))
2023-03-19 15:15:55.266  INFO 9768 --- [           main] o.h.e.t.j.p.i.JtaPlatformInitiator       : HHH000490: Using JtaPlatform implementation: [org.hibernate.engine.transaction.jta.platform.internal.NoJtaPlatform]
2023-03-19 15:15:55.278  INFO 9768 --- [           main] j.LocalContainerEntityManagerFactoryBean : Initialized JPA EntityManagerFactory for persistence unit 'default'
2023-03-19 15:15:56.033  WARN 9768 --- [           main] JpaBaseConfiguration$JpaWebConfiguration : spring.jpa.open-in-view is enabled by default. Therefore, database queries may be performed during view rendering. Explicitly configure spring.jpa.open-in-view to disable this warning
2023-03-19 15:15:56.384  INFO 9768 --- [           main] o.s.b.a.h2.H2ConsoleAutoConfiguration    : H2 console available at '/h2-console'. Database available at 'jdbc:h2:mem:testdb'
2023-03-19 15:15:56.455  INFO 9768 --- [           main] o.s.b.a.w.s.WelcomePageHandlerMapping    : Adding welcome page template: index
2023-03-19 15:15:56.857  INFO 9768 --- [           main] o.s.b.t.m.w.SpringBootMockServletContext : Initializing Spring TestDispatcherServlet ''
2023-03-19 15:15:56.858  INFO 9768 --- [           main] o.s.t.web.servlet.TestDispatcherServlet  : Initializing Servlet ''
2023-03-19 15:15:56.860  INFO 9768 --- [           main] o.s.t.web.servlet.TestDispatcherServlet  : Completed initialization in 2 ms
2023-03-19 15:15:56.879  INFO 9768 --- [           main] c.l.springmvc.GradeBookControllerTest    : Started GradeBookControllerTest in 5.47 seconds (JVM running for 6.876)
Hibernate: select collegestu0_.id as id1_3_, collegestu0_.email_address as email_ad2_3_, collegestu0_.firstname as firstnam3_3_, collegestu0_.lastname as lastname4_3_ from student collegestu0_
]]></system-out>
  </testcase>
  <testcase name="createStudentHttpRequest" classname="com.luv2code.springmvc.GradeBookControllerTest" time="0.091">
    <system-out><![CDATA[Hibernate: insert into student (id, email_address, firstname, lastname) values (null, ?, ?, ?)
Hibernate: select collegestu0_.id as id1_3_, collegestu0_.email_address as email_ad2_3_, collegestu0_.firstname as firstnam3_3_, collegestu0_.lastname as lastname4_3_ from student collegestu0_
Hibernate: select collegestu0_.id as id1_3_, collegestu0_.email_address as email_ad2_3_, collegestu0_.firstname as firstnam3_3_, collegestu0_.lastname as lastname4_3_ from student collegestu0_ where collegestu0_.email_address=?
]]></system-out>
  </testcase>
</testsuite>