<?xml version="1.0" encoding="UTF-8"?>
<testsuite xmlns:xsi="http://www.w3.org/2001/XMLSchema-instance" xsi:noNamespaceSchemaLocation="https://maven.apache.org/surefire/maven-surefire-plugin/xsd/surefire-test-report-3.0.xsd" version="3.0" name="com.j2gsoft.junitassertions.ConditionalTest" time="0.131" tests="9" errors="0" skipped="6" failures="0">
  <properties>
[...]
</properties>
  <testcase name="onlyForDevEnvironment" classname="com.j2gsoft.junitassertions.ConditionalTest" time="0">
    <skipped message="Environment variable [J2GSOFT_ENV] does not exist"/>
  </testcase>
  <testcase name="forJavaRange" classname="com.j2gsoft.junitassertions.ConditionalTest" time="0.029"/>
  <testcase name="onlyForSystemProperty" classname="com.j2gsoft.junitassertions.ConditionalTest" time="0">
    <skipped message="System property [J2GSOFT_SYS_PROP] does not exist"/>
  </testcase>
  <testcase name="forJava13Only" classname="com.j2gsoft.junitassertions.ConditionalTest" time="0">
    <skipped message="Disabled on JRE version: 12.0.2"/>
  </testcase>
  <testcase name="forJava17Only" classname="com.j2gsoft.junitassertions.ConditionalTest" time="0">
    <skipped message="Disabled on JRE version: 12.0.2"/>
  </testcase>
  <testcase name="basic" classname="com.j2gsoft.junitassertions.ConditionalTest" time="0">
    <skipped message="Dont run unit jira #123 is resolved"/>
  </testcase>
  <testcase name="forWindowsAndLinuxOnly" classname="com.j2gsoft.junitassertions.ConditionalTest" time="0.001"/>
  <testcase name="forJavaRangeMin" classname="com.j2gsoft.junitassertions.ConditionalTest" time="0.001"/>
  <testcase name="forMacOnly" classname="com.j2gsoft.junitassertions.ConditionalTest" time="0">
    <skipped message="Disabled on operating system: Windows 10"/>
  </testcase>
</testsuite>